<?xml version="1.0" encoding="UTF-8"?>
<testsuite name="a4.PostfixTest" tests="7" skipped="0" failures="0" errors="0" timestamp="2025-03-12T18:36:46" hostname="codespaces-ec527b" time="0.05">
  <properties/>
  <testcase name="testPostfixSingle" classname="a4.PostfixTest" time="0.002"/>
  <testcase name="testPostfixCombo" classname="a4.PostfixTest" time="0.012"/>
  <testcase name="testPostfixMinus" classname="a4.PostfixTest" time="0.006"/>
  <testcase name="testPostfixTimes" classname="a4.PostfixTest" time="0.002"/>
  <testcase name="testPostfixThrowsException" classname="a4.PostfixTest" time="0.001"/>
  <testcase name="testPostfixDiv" classname="a4.PostfixTest" time="0.004"/>
  <testcase name="testPostfixPlus" classname="a4.PostfixTest" time="0.009"/>
  <system-out><![CDATA[]]></system-out>
  <system-err><![CDATA[]]></system-err>
</testsuite>
